2023-04-15 09:04:34,491 | ERROR | baidutupian.py:123 -D:\job\mypudada\baidutupian.py 
The read operation timed out
2023-04-15 09:04:34,491 | ERROR | baidutupian.py:124 -D:\job\mypudada\baidutupian.py 
https://image.baidu.com/search/down?tn=download&ipn=dwnl&word=download&ie=utf8&fr=result&url=https%3A//img.neeqm.cn/2018/0926/20180926415739.jpg&thumburl=https%3A//img2.baidu.com/it/u%3D1167927454%2C3230905952%26fm%3D253%26fmt%3Dauto%26app%3D138%26f%3DJPEG%3Fw%3D640%26h%3D430
2023-04-15 09:05:32,834 | ERROR | baidutupian.py:123 -D:\job\mypudada\baidutupian.py 
'NoneType' object has no attribute 'group'
2023-04-15 09:05:32,834 | ERROR | baidutupian.py:124 -D:\job\mypudada\baidutupian.py 
https://image.baidu.com/search/down?tn=download&ipn=dwnl&word=download&ie=utf8&fr=result&url=https%3A//3159246232%2C1785837487&thumburl=https%3A//img0.baidu.com/it/u%3D1117202846%2C2537258542%26fm%3D253%26fmt%3Dauto%26app%3D138%26f%3DJPEG%3Fw%3D500%26h%3D575
2023-04-15 09:07:01,306 | ERROR | baidutupian.py:123 -D:\job\mypudada\baidutupian.py 
The read operation timed out
2023-04-15 09:07:01,306 | ERROR | baidutupian.py:124 -D:\job\mypudada\baidutupian.py 
https://image.baidu.com/search/down?tn=download&ipn=dwnl&word=download&ie=utf8&fr=result&url=https%3A//www.sxycrb.com/pic/2019-08/22/45ab7b95-9eee-458b-bee1-fd23389aeb54.jpg&thumburl=https%3A//img2.baidu.com/it/u%3D601970147%2C3695854187%26fm%3D253%26fmt%3Dauto%26app%3D138%26f%3DJPEG%3Fw%3D499%26h%3D298
2023-04-15 09:12:45,769 | ERROR | baidutupian.py:123 -D:\job\mypudada\baidutupian.py 
The read operation timed out
2023-04-15 09:12:45,769 | ERROR | baidutupian.py:124 -D:\job\mypudada\baidutupian.py 
https://image.baidu.com/search/down?tn=download&ipn=dwnl&word=download&ie=utf8&fr=result&url=https%3A//s9.rr.itc.cn/r/wapChange/20164_12_3/a8eoa5682249698855.jpg&thumburl=https%3A//img0.baidu.com/it/u%3D3374051063%2C203105360%26fm%3D253%26fmt%3Dauto%26app%3D138%26f%3DGIF%3Fw%3D392%26h%3D269
2023-04-15 16:55:34,596 | ERROR | baidutupian.py:123 -D:\job\mypudada\baidutupian.py 
The read operation timed out
2023-04-15 16:55:34,596 | ERROR | baidutupian.py:124 -D:\job\mypudada\baidutupian.py 
https://image.baidu.com/search/down?tn=download&ipn=dwnl&word=download&ie=utf8&fr=result&url=http%3A//pic1.win4000.com/wallpaper/2019-06-03/5cf4986436aa7.jpg&thumburl=https%3A//img1.baidu.com/it/u%3D3452162292%2C45789586%26fm%3D253%26fmt%3Dauto%26app%3D138%26f%3DJPEG%3Fw%3D500%26h%3D313
2023-04-15 16:58:21,011 | ERROR | baidutupian.py:123 -D:\job\mypudada\baidutupian.py 
The read operation timed out
2023-04-15 16:58:21,011 | ERROR | baidutupian.py:124 -D:\job\mypudada\baidutupian.py 
https://image.baidu.com/search/down?tn=download&ipn=dwnl&word=download&ie=utf8&fr=result&url=https%3A//bbs.fcxxh.org/data/attachment/forum/202110/09/165046wefm6f1u6zml9f2y.jpg&thumburl=https%3A//img2.baidu.com/it/u%3D4188575039%2C1272992905%26fm%3D253%26fmt%3Dauto%26app%3D138%26f%3DJPEG%3Fw%3D640%26h%3D480
2023-04-15 17:00:11,660 | ERROR | baidutupian.py:123 -D:\job\mypudada\baidutupian.py 
'NoneType' object has no attribute 'group'
2023-04-15 17:00:11,660 | ERROR | baidutupian.py:124 -D:\job\mypudada\baidutupian.py 
https://image.baidu.com/search/down?tn=download&ipn=dwnl&word=download&ie=utf8&fr=result&url=https%3A//4194562548%2C2636271269&thumburl=https%3A//img1.baidu.com/it/u%3D1079881364%2C370953940%26fm%3D253%26fmt%3Dauto%26app%3D138%26f%3DJPEG%3Fw%3D667%26h%3D500
2023-04-15 17:05:38,475 | ERROR | baidutupian.py:123 -D:\job\mypudada\baidutupian.py 
The read operation timed out
2023-04-15 17:05:38,475 | ERROR | baidutupian.py:124 -D:\job\mypudada\baidutupian.py 
https://image.baidu.com/search/down?tn=download&ipn=dwnl&word=download&ie=utf8&fr=result&url=http%3A//pic1.win4000.com/pic/d/b1/c1b21110312.jpg%3Fdown&thumburl=https%3A//img1.baidu.com/it/u%3D3660809907%2C226021010%26fm%3D253%26fmt%3Dauto%26app%3D138%26f%3DJPEG%3Fw%3D801%26h%3D500
2023-04-15 17:10:47,881 | ERROR | baidutupian.py:123 -D:\job\mypudada\baidutupian.py 
The read operation timed out
2023-04-15 17:10:47,881 | ERROR | baidutupian.py:124 -D:\job\mypudada\baidutupian.py 
https://image.baidu.com/search/down?tn=download&ipn=dwnl&word=download&ie=utf8&fr=result&url=https%3A//lmg.jj20.com/up/allimg/4k/s/01/2109241145493341-0-lp.jpg&thumburl=https%3A//img0.baidu.com/it/u%3D1921971213%2C256782309%26fm%3D253%26fmt%3Dauto%26app%3D138%26f%3DJPEG%3Fw%3D889%26h%3D500
2023-04-15 17:16:05,275 | ERROR | baidutupian.py:123 -D:\job\mypudada\baidutupian.py 
The read operation timed out
2023-04-15 17:16:05,275 | ERROR | baidutupian.py:124 -D:\job\mypudada\baidutupian.py 
https://image.baidu.com/search/down?tn=download&ipn=dwnl&word=download&ie=utf8&fr=result&url=https%3A//www.90oo.com/bbs88/attachments/month_1311/1311111628f00604a9b2504acb.jpg&thumburl=https%3A//img1.baidu.com/it/u%3D3813953326%2C3148791285%26fm%3D253%26fmt%3Dauto%26app%3D138%26f%3DJPEG%3Fw%3D500%26h%3D281
2023-04-15 17:26:42,946 | ERROR | baidutupian.py:123 -D:\job\mypudada\baidutupian.py 
The read operation timed out
2023-04-15 17:26:42,946 | ERROR | baidutupian.py:124 -D:\job\mypudada\baidutupian.py 
https://image.baidu.com/search/down?tn=download&ipn=dwnl&word=download&ie=utf8&fr=result&url=https%3A//i.ce.cn/finance/stock/gsgdbd/202205/30/W020220530615686970099.png&thumburl=https%3A//img2.baidu.com/it/u%3D764102639%2C846264737%26fm%3D253%26fmt%3Dauto%26app%3D138%26f%3DJPEG%3Fw%3D443%26h%3D227
2023-04-15 17:27:02,522 | ERROR | baidutupian.py:123 -D:\job\mypudada\baidutupian.py 
'NoneType' object has no attribute 'group'
2023-04-15 17:27:02,522 | ERROR | baidutupian.py:124 -D:\job\mypudada\baidutupian.py 
https://image.baidu.com/search/down?tn=download&ipn=dwnl&word=download&ie=utf8&fr=result&url=https%3A//3025501438%2C3097575457&thumburl=https%3A//img0.baidu.com/it/u%3D311302511%2C2699687614%26fm%3D253%26fmt%3Dauto%3Fw%3D545%26h%3D447
2023-04-15 17:29:56,417 | ERROR | baidutupian.py:123 -D:\job\mypudada\baidutupian.py 
The read operation timed out
2023-04-15 17:29:56,417 | ERROR | baidutupian.py:124 -D:\job\mypudada\baidutupian.py 
https://image.baidu.com/search/down?tn=download&ipn=dwnl&word=download&ie=utf8&fr=result&url=https%3A//i.ce.cn/ce/macro/more/202203/23/W020220323280270296301.png&thumburl=https%3A//img0.baidu.com/it/u%3D4086030531%2C1068135620%26fm%3D253%26fmt%3Dauto%26app%3D120%26f%3DJPEG%3Fw%3D613%26h%3D500
2023-04-15 17:30:07,658 | ERROR | baidutupian.py:123 -D:\job\mypudada\baidutupian.py 
The read operation timed out
2023-04-15 17:30:07,658 | ERROR | baidutupian.py:124 -D:\job\mypudada\baidutupian.py 
https://image.baidu.com/search/down?tn=download&ipn=dwnl&word=download&ie=utf8&fr=result&url=https%3A//russiaembassy.fmprc.gov.cn/web/wjdt_674879/gjldrhd_674881/202206/W020220604681498775345.jpg&thumburl=https%3A//img2.baidu.com/it/u%3D2157638683%2C806504780%26fm%3D253%26fmt%3Dauto%26app%3D138%26f%3DJPEG%3Fw%3D600%26h%3D400
2023-04-15 17:30:16,712 | ERROR | baidutupian.py:123 -D:\job\mypudada\baidutupian.py 
The read operation timed out
2023-04-15 17:30:16,712 | ERROR | baidutupian.py:124 -D:\job\mypudada\baidutupian.py 
https://image.baidu.com/search/down?tn=download&ipn=dwnl&word=download&ie=utf8&fr=result&url=https%3A//japan.people.com.cn/NMediaFile/2019/1204/MAIN201912040905000016691248291.jpg&thumburl=https%3A//img0.baidu.com/it/u%3D790785723%2C3035294304%26fm%3D253%26fmt%3Dauto%26app%3D138%26f%3DJPEG%3Fw%3D751%26h%3D500
2023-04-15 17:30:34,339 | ERROR | baidutupian.py:123 -D:\job\mypudada\baidutupian.py 
The read operation timed out
2023-04-15 17:30:34,339 | ERROR | baidutupian.py:124 -D:\job\mypudada\baidutupian.py 
https://image.baidu.com/search/down?tn=download&ipn=dwnl&word=download&ie=utf8&fr=result&url=https%3A//ifengzhong.com/wordpress/wp-content/uploads/2017/04/s3.reutersmedia.net_.jpg&thumburl=https%3A//img0.baidu.com/it/u%3D1483782949%2C3319138980%26fm%3D253%26fmt%3Dauto%26app%3D138%26f%3DJPEG%3Fw%3D500%26h%3D363
2023-04-15 17:30:59,546 | ERROR | baidutupian.py:123 -D:\job\mypudada\baidutupian.py 
The read operation timed out
2023-04-15 17:30:59,546 | ERROR | baidutupian.py:124 -D:\job\mypudada\baidutupian.py 
https://image.baidu.com/search/down?tn=download&ipn=dwnl&word=download&ie=utf8&fr=result&url=https%3A//russiaembassy.fmprc.gov.cn/web/wjdt_674879/gjldrhd_674881/202206/W020220604681498775345.jpg&thumburl=https%3A//img2.baidu.com/it/u%3D2157638683%2C806504780%26fm%3D253%26fmt%3Dauto%26app%3D138%26f%3DJPEG%3Fw%3D600%26h%3D400
2023-04-15 17:31:21,038 | ERROR | baidutupian.py:123 -D:\job\mypudada\baidutupian.py 
The read operation timed out
2023-04-15 17:31:21,038 | ERROR | baidutupian.py:124 -D:\job\mypudada\baidutupian.py 
https://image.baidu.com/search/down?tn=download&ipn=dwnl&word=download&ie=utf8&fr=result&url=https%3A//www.scio.gov.cn/xwbjs/zygy/32310/hd32313/document/1629577/Image/1.jpg&thumburl=https%3A//img1.baidu.com/it/u%3D3931359716%2C610738380%26fm%3D253%26fmt%3Dauto%26app%3D138%26f%3DJPEG%3Fw%3D600%26h%3D420
2023-04-15 17:32:01,766 | ERROR | baidutupian.py:123 -D:\job\mypudada\baidutupian.py 
The read operation timed out
2023-04-15 17:32:01,766 | ERROR | baidutupian.py:124 -D:\job\mypudada\baidutupian.py 
https://image.baidu.com/search/down?tn=download&ipn=dwnl&word=download&ie=utf8&fr=result&url=https%3A//img1.37txt.cn/mmbiz_jpg/m8AtAxEhmBhARmYFV3bFEPaOvP34ibiaFUFicR6MUPynD4OjicmoJ7ZlrRJSNTfwq0bZJ8PiaicnLtMMkprQPLibEjTzA/640%3Fwx_fmt%3Djpeg&thumburl=https%3A//img0.baidu.com/it/u%3D2859880056%2C3352273455%26fm%3D253%26fmt%3Dauto%26app%3D120%26f%3DJPEG%3Fw%3D640%26h%3D719
2023-04-15 17:33:47,292 | ERROR | baidutupian.py:123 -D:\job\mypudada\baidutupian.py 
The read operation timed out
2023-04-15 17:33:47,292 | ERROR | baidutupian.py:124 -D:\job\mypudada\baidutupian.py 
https://image.baidu.com/search/down?tn=download&ipn=dwnl&word=download&ie=utf8&fr=result&url=https%3A//zy.qumingxing.com/upload/zynews/2017/08/03/1325/150173792345742465155.jpg&thumburl=https%3A//img0.baidu.com/it/u%3D2191251866%2C3093839015%26fm%3D253%26fmt%3Dauto%26app%3D138%26f%3DJPEG%3Fw%3D500%26h%3D388
2023-04-15 17:34:57,412 | ERROR | baidutupian.py:123 -D:\job\mypudada\baidutupian.py 
The read operation timed out
2023-04-15 17:34:57,412 | ERROR | baidutupian.py:124 -D:\job\mypudada\baidutupian.py 
https://image.baidu.com/search/down?tn=download&ipn=dwnl&word=download&ie=utf8&fr=result&url=https%3A//news.xinhuanet.com/world/2015-05/15/127803465_14316526017991n.jpg&thumburl=https%3A//img2.baidu.com/it/u%3D220253881%2C648175893%26fm%3D253%26fmt%3Dauto%26app%3D138%26f%3DJPEG%3Fw%3D751%26h%3D500
2023-04-15 17:35:58,567 | ERROR | baidutupian.py:123 -D:\job\mypudada\baidutupian.py 
The read operation timed out
2023-04-15 17:35:58,567 | ERROR | baidutupian.py:124 -D:\job\mypudada\baidutupian.py 
https://image.baidu.com/search/down?tn=download&ipn=dwnl&word=download&ie=utf8&fr=result&url=https%3A//www.hbjjrb.com/tp/UploadFiles_9217/200704/20070403140121962.jpg&thumburl=https%3A//img0.baidu.com/it/u%3D3385404966%2C490517711%26fm%3D253%26fmt%3Dauto%26app%3D138%26f%3DJPEG%3Fw%3D500%26h%3D296
2023-04-15 17:38:50,392 | ERROR | baidutupian.py:123 -D:\job\mypudada\baidutupian.py 
'NoneType' object has no attribute 'group'
2023-04-15 17:38:50,392 | ERROR | baidutupian.py:124 -D:\job\mypudada\baidutupian.py 
https://image.baidu.com/search/down?tn=download&ipn=dwnl&word=download&ie=utf8&fr=result&url=https%3A//32683531%2C172864659&thumburl=https%3A//img1.baidu.com/it/u%3D2912899211%2C2900821981%26fm%3D253%26fmt%3Dauto%26app%3D120%26f%3DJPEG%3Fw%3D661%26h%3D424
2023-04-15 17:39:58,206 | ERROR | baidutupian.py:123 -D:\job\mypudada\baidutupian.py 
The read operation timed out
2023-04-15 17:39:58,206 | ERROR | baidutupian.py:124 -D:\job\mypudada\baidutupian.py 
https://image.baidu.com/search/down?tn=download&ipn=dwnl&word=download&ie=utf8&fr=result&url=https%3A//www.skyqn.com/d/file/shehui/2019-03-01/395a7daed722ae75c6e6b130527ea493.jpg&thumburl=https%3A//img2.baidu.com/it/u%3D1794701444%2C3579487795%26fm%3D253%26fmt%3Dauto%26app%3D138%26f%3DJPEG%3Fw%3D600%26h%3D399
2023-04-15 17:40:07,190 | ERROR | baidutupian.py:123 -D:\job\mypudada\baidutupian.py 
The read operation timed out
2023-04-15 17:40:07,190 | ERROR | baidutupian.py:124 -D:\job\mypudada\baidutupian.py 
https://image.baidu.com/search/down?tn=download&ipn=dwnl&word=download&ie=utf8&fr=result&url=https%3A//www.scio.gov.cn/dfbd/dfbd/Document/336014/Image/W020090531541479443879.jpg&thumburl=https%3A//img0.baidu.com/it/u%3D1855615036%2C3298322842%26fm%3D253%26fmt%3Dauto%26app%3D138%26f%3DJPEG%3Fw%3D499%26h%3D335
2023-04-15 17:40:28,578 | ERROR | baidutupian.py:123 -D:\job\mypudada\baidutupian.py 
The read operation timed out
2023-04-15 17:40:28,578 | ERROR | baidutupian.py:124 -D:\job\mypudada\baidutupian.py 
https://image.baidu.com/search/down?tn=download&ipn=dwnl&word=download&ie=utf8&fr=result&url=https%3A//file.tvsou.com/f/nzpk29vi6fdl/zm900-0&thumburl=https%3A//img0.baidu.com/it/u%3D863292806%2C3141065593%26fm%3D253%26fmt%3Dauto%26app%3D138%26f%3DJPEG%3Fw%3D333%26h%3D500
2023-04-15 17:41:09,676 | ERROR | baidutupian.py:123 -D:\job\mypudada\baidutupian.py 
The read operation timed out
2023-04-15 17:41:09,676 | ERROR | baidutupian.py:124 -D:\job\mypudada\baidutupian.py 
https://image.baidu.com/search/down?tn=download&ipn=dwnl&word=download&ie=utf8&fr=result&url=https%3A//www.qth.gov.cn/xxsbxt/201908/W020190815401358787775.jpg&thumburl=https%3A//img2.baidu.com/it/u%3D1752420523%2C112653149%26fm%3D253%26fmt%3Dauto%26app%3D138%26f%3DJPEG%3Fw%3D667%26h%3D500
2023-04-15 17:42:06,050 | ERROR | baidutupian.py:123 -D:\job\mypudada\baidutupian.py 
The read operation timed out
2023-04-15 17:42:06,050 | ERROR | baidutupian.py:124 -D:\job\mypudada\baidutupian.py 
https://image.baidu.com/search/down?tn=download&ipn=dwnl&word=download&ie=utf8&fr=result&url=https%3A//www.enkj.com/idcnews/kindeditor-4.1.7/attached/image/20190907/20190907165228_8605.jpg&thumburl=https%3A//img2.baidu.com/it/u%3D4018508044%2C2821870978%26fm%3D253%26fmt%3Dauto%26app%3D138%26f%3DJPEG%3Fw%3D500%26h%3D726
2023-04-15 17:48:29,519 | ERROR | baidutupian.py:123 -D:\job\mypudada\baidutupian.py 
The read operation timed out
2023-04-15 17:48:29,519 | ERROR | baidutupian.py:124 -D:\job\mypudada\baidutupian.py 
https://image.baidu.com/search/down?tn=download&ipn=dwnl&word=download&ie=utf8&fr=result&url=https%3A//img.ji7.net/uploads/2019-06-21_11-48-52.jpg&thumburl=https%3A//img2.baidu.com/it/u%3D2948490869%2C3529550615%26fm%3D253%26fmt%3Dauto%26app%3D138%26f%3DJPEG%3Fw%3D813%26h%3D500
2023-04-15 17:51:41,496 | ERROR | baidutupian.py:123 -D:\job\mypudada\baidutupian.py 
The read operation timed out
2023-04-15 17:51:41,496 | ERROR | baidutupian.py:124 -D:\job\mypudada\baidutupian.py 
https://image.baidu.com/search/down?tn=download&ipn=dwnl&word=download&ie=utf8&fr=result&url=https%3A//appimgs.bandaoapp.com/bandao/uploads/allimg/190602/1139953-1Z602204503.jpg&thumburl=https%3A//img1.baidu.com/it/u%3D229013642%2C3019549253%26fm%3D253%26fmt%3Dauto%26app%3D138%26f%3DJPEG%3Fw%3D750%26h%3D500
2023-04-15 17:54:57,837 | ERROR | baidutupian.py:123 -D:\job\mypudada\baidutupian.py 
The read operation timed out
2023-04-15 17:54:57,837 | ERROR | baidutupian.py:124 -D:\job\mypudada\baidutupian.py 
https://image.baidu.com/search/down?tn=download&ipn=dwnl&word=download&ie=utf8&fr=result&url=https%3A//news.xinhuanet.com/legal/2016-12/05/1120055566_14809202834411n.jpg&thumburl=https%3A//img2.baidu.com/it/u%3D1146107013%2C1479102515%26fm%3D253%26fmt%3Dauto%26app%3D138%26f%3DJPEG%3Fw%3D416%26h%3D312
2023-04-15 17:58:23,003 | ERROR | baidutupian.py:123 -D:\job\mypudada\baidutupian.py 
'NoneType' object has no attribute 'group'
2023-04-15 17:58:23,003 | ERROR | baidutupian.py:124 -D:\job\mypudada\baidutupian.py 
https://image.baidu.com/search/down?tn=download&ipn=dwnl&word=download&ie=utf8&fr=result&url=https%3A//2686722569%2C983569078&thumburl=https%3A//img1.baidu.com/it/u%3D642996576%2C932844422%26fm%3D253%26fmt%3Dauto%26app%3D138%26f%3DJPEG%3Fw%3D500%26h%3D337
2023-04-15 18:01:36,917 | ERROR | baidutupian.py:123 -D:\job\mypudada\baidutupian.py 
'NoneType' object has no attribute 'group'
2023-04-15 18:01:36,917 | ERROR | baidutupian.py:124 -D:\job\mypudada\baidutupian.py 
https://image.baidu.com/search/down?tn=download&ipn=dwnl&word=download&ie=utf8&fr=result&url=https%3A//4086162921%2C400834702&thumburl=https%3A//img2.baidu.com/it/u%3D3824378487%2C3311723871%26fm%3D253%26fmt%3Dauto%3Fw%3D640%26h%3D360
2023-04-15 18:03:05,649 | ERROR | baidutupian.py:123 -D:\job\mypudada\baidutupian.py 
The read operation timed out
2023-04-15 18:03:05,649 | ERROR | baidutupian.py:124 -D:\job\mypudada\baidutupian.py 
https://image.baidu.com/search/down?tn=download&ipn=dwnl&word=download&ie=utf8&fr=result&url=https%3A//www.ermafirst.com/wp-content/uploads/2016/09/IMG_0480-900x444.jpg&thumburl=https%3A//img2.baidu.com/it/u%3D2134855441%2C2545810519%26fm%3D253%26fmt%3Dauto%26app%3D138%26f%3DJPEG%3Fw%3D500%26h%3D247
2023-04-15 18:03:20,500 | ERROR | baidutupian.py:123 -D:\job\mypudada\baidutupian.py 
'NoneType' object has no attribute 'group'
2023-04-15 18:03:20,500 | ERROR | baidutupian.py:124 -D:\job\mypudada\baidutupian.py 
https://image.baidu.com/search/down?tn=download&ipn=dwnl&word=download&ie=utf8&fr=result&url=&thumburl=https%3A//img2.baidu.com/it/u%3D4087180459%2C963596164%26fm%3D253%26fmt%3Dauto%26app%3D120%26f%3DJPEG%3Fw%3D1187%26h%3D759
2023-04-15 18:07:19,309 | ERROR | baidutupian.py:123 -D:\job\mypudada\baidutupian.py 
The read operation timed out
2023-04-15 18:07:19,309 | ERROR | baidutupian.py:124 -D:\job\mypudada\baidutupian.py 
https://image.baidu.com/search/down?tn=download&ipn=dwnl&word=download&ie=utf8&fr=result&url=https%3A//koss.iyong.com/swift/v1/iyong_public/iyong_2340306765546048/image/20190822/1566449366035022161.jpg&thumburl=https%3A//img1.baidu.com/it/u%3D1648249276%2C1857048823%26fm%3D253%26fmt%3Dauto%26app%3D138%26f%3DJPEG%3Fw%3D712%26h%3D500
2023-04-15 18:07:20,827 | ERROR | baidutupian.py:123 -D:\job\mypudada\baidutupian.py 
'NoneType' object has no attribute 'group'
2023-04-15 18:07:20,827 | ERROR | baidutupian.py:124 -D:\job\mypudada\baidutupian.py 
https://image.baidu.com/search/down?tn=download&ipn=dwnl&word=download&ie=utf8&fr=result&url=https%3A//2401833297%2C2754419140&thumburl=https%3A//img0.baidu.com/it/u%3D4025465818%2C1963038102%26fm%3D253%26fmt%3Dauto%26app%3D138%26f%3DJPEG%3Fw%3D500%26h%3D281
2023-04-15 18:09:13,308 | ERROR | baidutupian.py:123 -D:\job\mypudada\baidutupian.py 
The read operation timed out
2023-04-15 18:09:13,308 | ERROR | baidutupian.py:124 -D:\job\mypudada\baidutupian.py 
https://image.baidu.com/search/down?tn=download&ipn=dwnl&word=download&ie=utf8&fr=result&url=https%3A//i.ce.cn/ce/xwzx/gnsz/gdxw/201807/27/W020180727509374465560.jpg&thumburl=https%3A//img0.baidu.com/it/u%3D1628263692%2C2007012301%26fm%3D253%26fmt%3Dauto%26app%3D138%26f%3DJPEG%3Fw%3D745%26h%3D500
2023-04-15 18:11:04,845 | ERROR | baidutupian.py:123 -D:\job\mypudada\baidutupian.py 
The read operation timed out
2023-04-15 18:11:04,845 | ERROR | baidutupian.py:124 -D:\job\mypudada\baidutupian.py 
https://image.baidu.com/search/down?tn=download&ipn=dwnl&word=download&ie=utf8&fr=result&url=https%3A//1327020374.rsc.cdn77.org/update/CA/TopBanner/TopBanner_ExtraditionBillNews2.jpg&thumburl=https%3A//img2.baidu.com/it/u%3D4021655106%2C1044814211%26fm%3D253%26fmt%3Dauto%26app%3D138%26f%3DJPEG%3Fw%3D889%26h%3D500
2023-04-15 18:13:43,219 | ERROR | baidutupian.py:123 -D:\job\mypudada\baidutupian.py 
The read operation timed out
2023-04-15 18:13:43,219 | ERROR | baidutupian.py:124 -D:\job\mypudada\baidutupian.py 
https://image.baidu.com/search/down?tn=download&ipn=dwnl&word=download&ie=utf8&fr=result&url=https%3A//img1.qqty.com/Uploads/gallery/18361/20.jpg%3F3132&thumburl=https%3A//img1.baidu.com/it/u%3D413670206%2C3471845565%26fm%3D253%26fmt%3Dauto%26app%3D138%26f%3DJPEG%3Fw%3D750%26h%3D500
2023-04-15 18:14:22,070 | ERROR | baidutupian.py:123 -D:\job\mypudada\baidutupian.py 
The read operation timed out
2023-04-15 18:14:22,070 | ERROR | baidutupian.py:124 -D:\job\mypudada\baidutupian.py 
https://image.baidu.com/search/down?tn=download&ipn=dwnl&word=download&ie=utf8&fr=result&url=https%3A//www.chndsnews.com/uploadfiles/allimg/191028/2-19102P95352337.png&thumburl=https%3A//img2.baidu.com/it/u%3D2591171634%2C3081565880%26fm%3D253%26fmt%3Dauto%26app%3D138%26f%3DPNG%3Fw%3D535%26h%3D500
2023-04-15 18:16:00,273 | ERROR | baidutupian.py:123 -D:\job\mypudada\baidutupian.py 
'NoneType' object has no attribute 'group'
2023-04-15 18:16:00,273 | ERROR | baidutupian.py:124 -D:\job\mypudada\baidutupian.py 
https://image.baidu.com/search/down?tn=download&ipn=dwnl&word=download&ie=utf8&fr=result&url=https%3A//4170491338%2C2953025765&thumburl=https%3A//img0.baidu.com/it/u%3D3844036913%2C3847391506%26fm%3D253%26fmt%3Dauto%26app%3D138%26f%3DJPEG%3Fw%3D750%26h%3D500
2023-04-15 18:18:07,049 | ERROR | baidutupian.py:123 -D:\job\mypudada\baidutupian.py 
The read operation timed out
2023-04-15 18:18:07,049 | ERROR | baidutupian.py:124 -D:\job\mypudada\baidutupian.py 
https://image.baidu.com/search/down?tn=download&ipn=dwnl&word=download&ie=utf8&fr=result&url=https%3A//z1.dfcfw.com/2019/6/5/20190605152851778573585.jpg&thumburl=https%3A//img0.baidu.com/it/u%3D1502804229%2C3120543217%26fm%3D253%26fmt%3Dauto%26app%3D138%26f%3DJPEG%3Fw%3D500%26h%3D405
2023-04-15 18:20:19,843 | ERROR | baidutupian.py:123 -D:\job\mypudada\baidutupian.py 
The read operation timed out
2023-04-15 18:20:19,843 | ERROR | baidutupian.py:124 -D:\job\mypudada\baidutupian.py 
https://image.baidu.com/search/down?tn=download&ipn=dwnl&word=download&ie=utf8&fr=result&url=https%3A//jszx.court.gov.cn/www/image/25/2018/09/07/20180907114804203.jpg&thumburl=https%3A//img0.baidu.com/it/u%3D3900652462%2C1448430681%26fm%3D253%26fmt%3Dauto%26app%3D138%26f%3DJPEG%3Fw%3D500%26h%3D668
2023-04-15 18:20:56,251 | ERROR | baidutupian.py:123 -D:\job\mypudada\baidutupian.py 
The read operation timed out
2023-04-15 18:20:56,251 | ERROR | baidutupian.py:124 -D:\job\mypudada\baidutupian.py 
https://image.baidu.com/search/down?tn=download&ipn=dwnl&word=download&ie=utf8&fr=result&url=https%3A//jtj.changzhou.gov.cn/uploadfile/jtj/2021/0128/20210128094151_97464.png&thumburl=https%3A//img1.baidu.com/it/u%3D2417607387%2C2457629670%26fm%3D253%26fmt%3Dauto%26app%3D138%26f%3DPNG%3Fw%3D600%26h%3D400
2023-04-15 18:21:52,623 | ERROR | baidutupian.py:123 -D:\job\mypudada\baidutupian.py 
The read operation timed out
2023-04-15 18:21:52,623 | ERROR | baidutupian.py:124 -D:\job\mypudada\baidutupian.py 
https://image.baidu.com/search/down?tn=download&ipn=dwnl&word=download&ie=utf8&fr=result&url=https%3A//pic.rmb.bdstatic.com/f174d79888472cad2d55c7046aa9d28a.jpeg&thumburl=https%3A//img2.baidu.com/it/u%3D4199879550%2C3231225707%26fm%3D253%26fmt%3Dauto%3Fw%3D650%26h%3D366
2023-04-15 18:24:44,529 | ERROR | baidutupian.py:123 -D:\job\mypudada\baidutupian.py 
The read operation timed out
2023-04-15 18:24:44,529 | ERROR | baidutupian.py:124 -D:\job\mypudada\baidutupian.py 
https://image.baidu.com/search/down?tn=download&ipn=dwnl&word=download&ie=utf8&fr=result&url=http%3A//pic1.win4000.com/wallpaper/2019-07-05/5d1eea5814edd.jpg&thumburl=https%3A//img1.baidu.com/it/u%3D1972293265%2C1044081985%26fm%3D253%26fmt%3Dauto%26app%3D138%26f%3DJPEG%3Fw%3D800%26h%3D500
2023-04-15 18:28:04,990 | ERROR | baidutupian.py:123 -D:\job\mypudada\baidutupian.py 
'NoneType' object has no attribute 'group'
2023-04-15 18:28:04,990 | ERROR | baidutupian.py:124 -D:\job\mypudada\baidutupian.py 
https://image.baidu.com/search/down?tn=download&ipn=dwnl&word=download&ie=utf8&fr=result&url=https%3A//2284027570%2C606246199&thumburl=https%3A//img2.baidu.com/it/u%3D4173962051%2C1211605891%26fm%3D253%26fmt%3Dauto%26app%3D138%26f%3DJPEG%3Fw%3D750%26h%3D500
2023-04-15 18:28:27,206 | ERROR | baidutupian.py:123 -D:\job\mypudada\baidutupian.py 
The read operation timed out
2023-04-15 18:28:27,206 | ERROR | baidutupian.py:124 -D:\job\mypudada\baidutupian.py 
https://image.baidu.com/search/down?tn=download&ipn=dwnl&word=download&ie=utf8&fr=result&url=https%3A//www.qiqun518.com/d/file/ouzhouwudaliansai/20191031/9a2ff45967fafd2f29bf7d6bd8690314.jpg&thumburl=https%3A//img2.baidu.com/it/u%3D3670693352%2C443763173%26fm%3D253%26fmt%3Dauto%26app%3D138%26f%3DJPEG%3Fw%3D500%26h%3D348
2023-04-15 18:30:40,229 | ERROR | baidutupian.py:123 -D:\job\mypudada\baidutupian.py 
The read operation timed out
2023-04-15 18:30:40,229 | ERROR | baidutupian.py:124 -D:\job\mypudada\baidutupian.py 
https://image.baidu.com/search/down?tn=download&ipn=dwnl&word=download&ie=utf8&fr=result&url=https%3A//n.sinaimg.cn/translate/187/w602h385/20190904/52e4-ieaiqik0754086.png&thumburl=https%3A//img2.baidu.com/it/u%3D2665862257%2C3301184147%26fm%3D253%26fmt%3Dauto%26app%3D120%26f%3DJPEG%3Fw%3D602%26h%3D385
2023-04-15 18:36:27,752 | ERROR | baidutupian.py:123 -D:\job\mypudada\baidutupian.py 
The read operation timed out
2023-04-15 18:36:27,752 | ERROR | baidutupian.py:124 -D:\job\mypudada\baidutupian.py 
https://image.baidu.com/search/down?tn=download&ipn=dwnl&word=download&ie=utf8&fr=result&url=https%3A//i.ce.cn/finance/jjpd/jjpdgd/201909/12/W020190912343620803066.png&thumburl=https%3A//img0.baidu.com/it/u%3D2273571251%2C1904755404%26fm%3D253%26fmt%3Dauto%26app%3D138%26f%3DPNG%3Fw%3D636%26h%3D500
2023-04-15 18:36:51,047 | ERROR | baidutupian.py:123 -D:\job\mypudada\baidutupian.py 
[Errno 22] Invalid argument: '././images\\train_35\\000011/1.jpg?'
2023-04-15 18:36:51,047 | ERROR | baidutupian.py:124 -D:\job\mypudada\baidutupian.py 
https://image.baidu.com/search/down?tn=download&ipn=dwnl&word=download&ie=utf8&fr=result&url=https%3A//www.pos100.cn/uploads/ueditor/20210409/1-2104091340053K.jpg%3F&thumburl=https%3A//img2.baidu.com/it/u%3D1448596471%2C3721013234%26fm%3D253%26fmt%3Dauto%26app%3D138%26f%3DPNG%3Fw%3D566%26h%3D500
2023-04-15 18:37:33,499 | ERROR | baidutupian.py:123 -D:\job\mypudada\baidutupian.py 
'NoneType' object has no attribute 'group'
2023-04-15 18:37:33,499 | ERROR | baidutupian.py:124 -D:\job\mypudada\baidutupian.py 
https://image.baidu.com/search/down?tn=download&ipn=dwnl&word=download&ie=utf8&fr=result&url=https%3A//2231594411%2C2552736414&thumburl=https%3A//img0.baidu.com/it/u%3D3353103096%2C676316104%26fm%3D253%26fmt%3Dauto%26app%3D120%26f%3DJPEG%3Fw%3D580%26h%3D330
2023-04-15 18:39:40,720 | ERROR | baidutupian.py:123 -D:\job\mypudada\baidutupian.py 
'NoneType' object has no attribute 'group'
2023-04-15 18:39:40,720 | ERROR | baidutupian.py:124 -D:\job\mypudada\baidutupian.py 
https://image.baidu.com/search/down?tn=download&ipn=dwnl&word=download&ie=utf8&fr=result&url=https%3A//3734894561%2C1365486165&thumburl=https%3A//img2.baidu.com/it/u%3D3851498847%2C674650082%26fm%3D253%26fmt%3Dauto%26app%3D138%26f%3DJPEG%3Fw%3D750%26h%3D500
2023-04-15 18:41:00,981 | ERROR | baidutupian.py:123 -D:\job\mypudada\baidutupian.py 
The read operation timed out
2023-04-15 18:41:00,981 | ERROR | baidutupian.py:124 -D:\job\mypudada\baidutupian.py 
https://image.baidu.com/search/down?tn=download&ipn=dwnl&word=download&ie=utf8&fr=result&url=https%3A//japan.people.com.cn/NMediaFile/2015/0210/MAIN201502101417000205682071188.jpg&thumburl=https%3A//img0.baidu.com/it/u%3D3814613125%2C583097555%26fm%3D253%26fmt%3Dauto%26app%3D138%26f%3DJPEG%3Fw%3D449%26h%3D577
2023-04-15 18:43:17,395 | ERROR | baidutupian.py:123 -D:\job\mypudada\baidutupian.py 
The read operation timed out
2023-04-15 18:43:17,395 | ERROR | baidutupian.py:124 -D:\job\mypudada\baidutupian.py 
https://image.baidu.com/search/down?tn=download&ipn=dwnl&word=download&ie=utf8&fr=result&url=https%3A//mp.hubpd.com/zmt/resource_files/cont_pub/4/ACAG4/VE5DGZVKJND4NOCC62XR2YNAUQ.jpeg&thumburl=https%3A//img1.baidu.com/it/u%3D3616741122%2C1102933620%26fm%3D253%26fmt%3Dauto%26app%3D138%26f%3DJPEG%3Fw%3D890%26h%3D500
2023-04-15 18:47:01,597 | ERROR | baidutupian.py:123 -D:\job\mypudada\baidutupian.py 
The read operation timed out
2023-04-15 18:47:01,597 | ERROR | baidutupian.py:124 -D:\job\mypudada\baidutupian.py 
https://image.baidu.com/search/down?tn=download&ipn=dwnl&word=download&ie=utf8&fr=result&url=https%3A//www.scio.gov.cn/xwfbh/gssxwfbh/xwfbh/jilin/document/1562046/Image/20170823143108.jpg&thumburl=https%3A//img2.baidu.com/it/u%3D1017409122%2C4115737007%26fm%3D253%26fmt%3Dauto%26app%3D138%26f%3DJPEG%3Fw%3D500%26h%3D333
2023-04-15 18:47:32,202 | ERROR | baidutupian.py:123 -D:\job\mypudada\baidutupian.py 
The read operation timed out
2023-04-15 18:47:32,202 | ERROR | baidutupian.py:124 -D:\job\mypudada\baidutupian.py 
https://image.baidu.com/search/down?tn=download&ipn=dwnl&word=download&ie=utf8&fr=result&url=https%3A//wap.tibet.cn/cn/world/201505/W020150521501708752049.jpg&thumburl=https%3A//img2.baidu.com/it/u%3D1178706521%2C577708079%26fm%3D253%26fmt%3Dauto%26app%3D138%26f%3DJPEG%3Fw%3D500%26h%3D368
2023-04-15 18:48:15,009 | ERROR | baidutupian.py:123 -D:\job\mypudada\baidutupian.py 
The read operation timed out
2023-04-15 18:48:15,009 | ERROR | baidutupian.py:124 -D:\job\mypudada\baidutupian.py 
https://image.baidu.com/search/down?tn=download&ipn=dwnl&word=download&ie=utf8&fr=result&url=https%3A//www.meiqiantu.com/wp-content/uploads/user_files/172/bbs/images/84431417_1560696125.jpg&thumburl=https%3A//img2.baidu.com/it/u%3D1329230536%2C1220590750%26fm%3D253%26fmt%3Dauto%26app%3D138%26f%3DJPEG%3Fw%3D633%26h%3D500
2023-04-15 18:49:45,797 | ERROR | baidutupian.py:123 -D:\job\mypudada\baidutupian.py 
The read operation timed out
2023-04-15 18:49:45,797 | ERROR | baidutupian.py:124 -D:\job\mypudada\baidutupian.py 
https://image.baidu.com/search/down?tn=download&ipn=dwnl&word=download&ie=utf8&fr=result&url=https%3A//zy.yunqishi8.com/uploads/allimg/191230/23-19123011355L40.png&thumburl=https%3A//img2.baidu.com/it/u%3D4059693323%2C844839883%26fm%3D253%26fmt%3Dauto%26app%3D138%26f%3DJPEG%3Fw%3D795%26h%3D500
2023-04-15 19:17:23,992 | ERROR | baidutupian.py:123 -D:\job\mypudada\baidutupian.py 
The read operation timed out
2023-04-15 19:17:23,992 | ERROR | baidutupian.py:124 -D:\job\mypudada\baidutupian.py 
https://image.baidu.com/search/down?tn=download&ipn=dwnl&word=download&ie=utf8&fr=result&url=https%3A//res.cms.cnxz.com.cn/a/10001/201805/42a61edf98a13765bc39520a49cf8ae0.jpeg&thumburl=https%3A//img0.baidu.com/it/u%3D233844995%2C825379790%26fm%3D253%26fmt%3Dauto%26app%3D138%26f%3DJPEG%3Fw%3D500%26h%3D341
2023-04-15 19:19:08,051 | ERROR | baidutupian.py:123 -D:\job\mypudada\baidutupian.py 
The read operation timed out
2023-04-15 19:19:08,051 | ERROR | baidutupian.py:124 -D:\job\mypudada\baidutupian.py 
https://image.baidu.com/search/down?tn=download&ipn=dwnl&word=download&ie=utf8&fr=result&url=https%3A//www.cdqy.cn/upload/2019-12/30/weiqi1.jpg&thumburl=https%3A//img0.baidu.com/it/u%3D1615938586%2C3764859072%26fm%3D253%26fmt%3Dauto%26app%3D138%26f%3DJPEG%3Fw%3D688%26h%3D500
2023-04-15 19:20:41,528 | ERROR | baidutupian.py:123 -D:\job\mypudada\baidutupian.py 
'NoneType' object has no attribute 'group'
2023-04-15 19:20:41,528 | ERROR | baidutupian.py:124 -D:\job\mypudada\baidutupian.py 
https://image.baidu.com/search/down?tn=download&ipn=dwnl&word=download&ie=utf8&fr=result&url=&thumburl=https%3A//img2.baidu.com/it/u%3D3761598540%2C581836519%26fm%3D253%26fmt%3Dauto%3Fw%3D582%26h%3D414
2023-04-15 19:21:46,145 | ERROR | baidutupian.py:123 -D:\job\mypudada\baidutupian.py 
The read operation timed out
2023-04-15 19:21:46,145 | ERROR | baidutupian.py:124 -D:\job\mypudada\baidutupian.py 
https://image.baidu.com/search/down?tn=download&ipn=dwnl&word=download&ie=utf8&fr=result&url=https%3A//www.scio.gov.cn/m/32344/32345/39620/40648/tw40650/Document/1656447/Image/1656447_20190611180436_0.jpg&thumburl=https%3A//img2.baidu.com/it/u%3D2982809477%2C3508225252%26fm%3D253%26fmt%3Dauto%26app%3D138%26f%3DJPEG%3Fw%3D600%26h%3D420
2023-04-15 19:22:04,615 | ERROR | baidutupian.py:123 -D:\job\mypudada\baidutupian.py 
The read operation timed out
2023-04-15 19:22:04,615 | ERROR | baidutupian.py:124 -D:\job\mypudada\baidutupian.py 
https://image.baidu.com/search/down?tn=download&ipn=dwnl&word=download&ie=utf8&fr=result&url=https%3A//www.powerchina.cn/picture/0/s_2108201133084476702.jpg&thumburl=https%3A//img1.baidu.com/it/u%3D1695215877%2C659940382%26fm%3D253%26fmt%3Dauto%26app%3D120%26f%3DJPEG%3Fw%3D550%26h%3D310
2023-04-15 19:22:11,079 | ERROR | baidutupian.py:123 -D:\job\mypudada\baidutupian.py 
The read operation timed out
2023-04-15 19:22:11,079 | ERROR | baidutupian.py:124 -D:\job\mypudada\baidutupian.py 
https://image.baidu.com/search/down?tn=download&ipn=dwnl&word=download&ie=utf8&fr=result&url=https%3A//news.xinhuanet.com/2016-04/04/128861019_14598092286411n.jpg&thumburl=https%3A//img1.baidu.com/it/u%3D763566452%2C757994589%26fm%3D253%26fmt%3Dauto%26app%3D138%26f%3DJPEG%3Fw%3D750%26h%3D500
2023-04-15 19:38:21,645 | ERROR | baidutupian.py:123 -D:\job\mypudada\baidutupian.py 
The read operation timed out
2023-04-15 19:38:21,645 | ERROR | baidutupian.py:124 -D:\job\mypudada\baidutupian.py 
https://image.baidu.com/search/down?tn=download&ipn=dwnl&word=download&ie=utf8&fr=result&url=https%3A//ttt.tibet.cn/cn/politics/201906/W020190615371627896396.jpg&thumburl=https%3A//img2.baidu.com/it/u%3D3129701293%2C2275688488%26fm%3D253%26fmt%3Dauto%26app%3D138%26f%3DJPEG%3Fw%3D600%26h%3D400
2023-04-15 19:38:34,961 | ERROR | baidutupian.py:123 -D:\job\mypudada\baidutupian.py 
'NoneType' object has no attribute 'group'
2023-04-15 19:38:34,961 | ERROR | baidutupian.py:124 -D:\job\mypudada\baidutupian.py 
https://image.baidu.com/search/down?tn=download&ipn=dwnl&word=download&ie=utf8&fr=result&url=https%3A//4106895156%2C876320211&thumburl=https%3A//img1.baidu.com/it/u%3D1286977376%2C1577931706%26fm%3D253%26fmt%3Dauto%26app%3D138%26f%3DJPEG%3Fw%3D750%26h%3D500
2023-04-15 19:38:38,340 | ERROR | baidutupian.py:123 -D:\job\mypudada\baidutupian.py 
'NoneType' object has no attribute 'group'
2023-04-15 19:38:38,340 | ERROR | baidutupian.py:124 -D:\job\mypudada\baidutupian.py 
https://image.baidu.com/search/down?tn=download&ipn=dwnl&word=download&ie=utf8&fr=result&url=https%3A//4106895156%2C876320211&thumburl=https%3A//img1.baidu.com/it/u%3D1286977376%2C1577931706%26fm%3D253%26fmt%3Dauto%26app%3D138%26f%3DJPEG%3Fw%3D750%26h%3D500
2023-04-15 19:40:57,826 | ERROR | baidutupian.py:123 -D:\job\mypudada\baidutupian.py 
The read operation timed out
2023-04-15 19:40:57,826 | ERROR | baidutupian.py:124 -D:\job\mypudada\baidutupian.py 
https://image.baidu.com/search/down?tn=download&ipn=dwnl&word=download&ie=utf8&fr=result&url=https%3A//news.xinhuanet.com/sports/2017-01/23/1120367593_1_n_1n.jpg&thumburl=https%3A//img1.baidu.com/it/u%3D1001065216%2C2360858769%26fm%3D253%26fmt%3Dauto%26app%3D138%26f%3DJPEG%3Fw%3D500%26h%3D333
2023-04-15 19:48:55,322 | ERROR | baidutupian.py:123 -D:\job\mypudada\baidutupian.py 
The read operation timed out
2023-04-15 19:48:55,322 | ERROR | baidutupian.py:124 -D:\job\mypudada\baidutupian.py 
https://image.baidu.com/search/down?tn=download&ipn=dwnl&word=download&ie=utf8&fr=result&url=https%3A//img.558idc.com/uploadfile/allimg/shoujizs-1/24-200111145GKb.jpg&thumburl=https%3A//img2.baidu.com/it/u%3D4076123702%2C3532096149%26fm%3D253%26fmt%3Dauto%26app%3D138%26f%3DJPEG%3Fw%3D771%26h%3D500
2023-04-15 19:51:13,243 | ERROR | baidutupian.py:123 -D:\job\mypudada\baidutupian.py 
The read operation timed out
2023-04-15 19:51:13,243 | ERROR | baidutupian.py:124 -D:\job\mypudada\baidutupian.py 
https://image.baidu.com/search/down?tn=download&ipn=dwnl&word=download&ie=utf8&fr=result&url=https%3A//korea.people.com.cn/NMediaFile/2017/0721/MAIN201707211504000242104799419.jpg&thumburl=https%3A//img2.baidu.com/it/u%3D3254818726%2C2696206606%26fm%3D253%26fmt%3Dauto%26app%3D138%26f%3DJPEG%3Fw%3D500%26h%3D312
2023-04-15 19:51:41,828 | ERROR | baidutupian.py:123 -D:\job\mypudada\baidutupian.py 
'NoneType' object has no attribute 'group'
2023-04-15 19:51:41,828 | ERROR | baidutupian.py:124 -D:\job\mypudada\baidutupian.py 
https://image.baidu.com/search/down?tn=download&ipn=dwnl&word=download&ie=utf8&fr=result&url=&thumburl=https%3A//img2.baidu.com/it/u%3D2628742826%2C1871551955%26fm%3D253%26fmt%3Dauto%26app%3D138%26f%3DJPEG%3Fw%3D500%26h%3D334
2023-04-15 19:52:26,750 | ERROR | baidutupian.py:123 -D:\job\mypudada\baidutupian.py 
The read operation timed out
2023-04-15 19:52:26,750 | ERROR | baidutupian.py:124 -D:\job\mypudada\baidutupian.py 
https://image.baidu.com/search/down?tn=download&ipn=dwnl&word=download&ie=utf8&fr=result&url=https%3A//korea.people.com.cn/NMediaFile/2017/0930/MAIN201709300845000404125394334.jpg&thumburl=https%3A//img2.baidu.com/it/u%3D689640402%2C2591374947%26fm%3D253%26fmt%3Dauto%26app%3D120%26f%3DJPEG%3Fw%3D500%26h%3D569
2023-04-15 19:53:00,744 | ERROR | baidutupian.py:123 -D:\job\mypudada\baidutupian.py 
'NoneType' object has no attribute 'group'
2023-04-15 19:53:00,744 | ERROR | baidutupian.py:124 -D:\job\mypudada\baidutupian.py 
https://image.baidu.com/search/down?tn=download&ipn=dwnl&word=download&ie=utf8&fr=result&url=https%3A//253639098%2C3231780620&thumburl=https%3A//img1.baidu.com/it/u%3D4209836391%2C294363386%26fm%3D253%26fmt%3Dauto%26app%3D138%26f%3DJPEG%3Fw%3D717%26h%3D500
2023-04-15 20:08:58,373 | ERROR | baidutupian.py:123 -D:\job\mypudada\baidutupian.py 
'NoneType' object has no attribute 'group'
2023-04-15 20:08:58,373 | ERROR | baidutupian.py:124 -D:\job\mypudada\baidutupian.py 
https://image.baidu.com/search/down?tn=download&ipn=dwnl&word=download&ie=utf8&fr=result&url=&thumburl=https%3A//img2.baidu.com/it/u%3D2870768991%2C183061324%26fm%3D253%26fmt%3Dauto%26app%3D138%26f%3DJPEG%3Fw%3D500%26h%3D625
2023-04-15 20:09:38,517 | ERROR | baidutupian.py:123 -D:\job\mypudada\baidutupian.py 
The read operation timed out
2023-04-15 20:09:38,517 | ERROR | baidutupian.py:124 -D:\job\mypudada\baidutupian.py 
https://image.baidu.com/search/down?tn=download&ipn=dwnl&word=download&ie=utf8&fr=result&url=https%3A//img.miningcircle.com/upload/7e/da/7eda34789cff4e8cbfe4987c6a07b150.jpg&thumburl=https%3A//img1.baidu.com/it/u%3D1020588475%2C4041558148%26fm%3D253%26fmt%3Dauto%26app%3D138%26f%3DJPEG%3Fw%3D667%26h%3D500
2023-04-15 20:14:13,756 | ERROR | baidutupian.py:123 -D:\job\mypudada\baidutupian.py 
The read operation timed out
2023-04-15 20:14:13,756 | ERROR | baidutupian.py:124 -D:\job\mypudada\baidutupian.py 
https://image.baidu.com/search/down?tn=download&ipn=dwnl&word=download&ie=utf8&fr=result&url=https%3A//www.sanyangbzj.com/thumb/2021/0818/2021081809073784.jpg&thumburl=https%3A//img1.baidu.com/it/u%3D45682878%2C3430688539%26fm%3D253%26fmt%3Dauto%26app%3D138%26f%3DJPEG%3Fw%3D722%26h%3D500
2023-04-15 20:25:15,250 | ERROR | baidutupian.py:123 -D:\job\mypudada\baidutupian.py 
The read operation timed out
2023-04-15 20:25:15,250 | ERROR | baidutupian.py:124 -D:\job\mypudada\baidutupian.py 
https://image.baidu.com/search/down?tn=download&ipn=dwnl&word=download&ie=utf8&fr=result&url=https%3A//p.nanrenwo.net/uploads/allimg/191115/8523-191115144238.png&thumburl=https%3A//img1.baidu.com/it/u%3D1109649857%2C2907732580%26fm%3D253%26fmt%3Dauto%26app%3D138%26f%3DJPG%3Fw%3D754%26h%3D500
2023-04-15 20:32:38,161 | ERROR | baidutupian.py:123 -D:\job\mypudada\baidutupian.py 
The read operation timed out
2023-04-15 20:32:38,161 | ERROR | baidutupian.py:124 -D:\job\mypudada\baidutupian.py 
https://image.baidu.com/search/down?tn=download&ipn=dwnl&word=download&ie=utf8&fr=result&url=https%3A//static.ettoday.net/images/1830/d1830213.jpg&thumburl=https%3A//img0.baidu.com/it/u%3D1382199662%2C125946488%26fm%3D253%26fmt%3Dauto%26app%3D138%26f%3DJPEG%3Fw%3D600%26h%3D450
2023-04-15 20:53:02,707 | ERROR | baidutupian.py:123 -D:\job\mypudada\baidutupian.py 
The read operation timed out
2023-04-15 20:53:02,707 | ERROR | baidutupian.py:124 -D:\job\mypudada\baidutupian.py 
https://image.baidu.com/search/down?tn=download&ipn=dwnl&word=download&ie=utf8&fr=result&url=https%3A//roadlady.com/uploads/allimg/190317/1352562118-0.jpg&thumburl=https%3A//img0.baidu.com/it/u%3D3472754187%2C2573760163%26fm%3D253%26fmt%3Dauto%26app%3D138%26f%3DJPEG%3Fw%3D640%26h%3D353
2023-04-15 20:55:49,634 | ERROR | baidutupian.py:123 -D:\job\mypudada\baidutupian.py 
'NoneType' object has no attribute 'group'
2023-04-15 20:55:49,634 | ERROR | baidutupian.py:124 -D:\job\mypudada\baidutupian.py 
https://image.baidu.com/search/down?tn=download&ipn=dwnl&word=download&ie=utf8&fr=result&url=https%3A//711179532%2C658515248&thumburl=https%3A//img1.baidu.com/it/u%3D4017265903%2C2894487742%26fm%3D253%26fmt%3Dauto%26app%3D120%26f%3DJPEG%3Fw%3D800%26h%3D1202
2023-04-15 20:57:07,273 | ERROR | baidutupian.py:123 -D:\job\mypudada\baidutupian.py 
'NoneType' object has no attribute 'group'
2023-04-15 20:57:07,273 | ERROR | baidutupian.py:124 -D:\job\mypudada\baidutupian.py 
https://image.baidu.com/search/down?tn=download&ipn=dwnl&word=download&ie=utf8&fr=result&url=https%3A//711179532%2C658515248&thumburl=https%3A//img1.baidu.com/it/u%3D4017265903%2C2894487742%26fm%3D253%26fmt%3Dauto%26app%3D120%26f%3DJPEG%3Fw%3D800%26h%3D1202
2023-04-15 21:01:26,259 | ERROR | baidutupian.py:123 -D:\job\mypudada\baidutupian.py 
'NoneType' object has no attribute 'group'
2023-04-15 21:01:26,259 | ERROR | baidutupian.py:124 -D:\job\mypudada\baidutupian.py 
https://image.baidu.com/search/down?tn=download&ipn=dwnl&word=download&ie=utf8&fr=result&url=&thumburl=https%3A//img2.baidu.com/it/u%3D3096840910%2C4155363780%26fm%3D253%26fmt%3Dauto%26app%3D120%26f%3DJPEG%3Fw%3D640%26h%3D427
2023-04-15 21:02:30,018 | ERROR | baidutupian.py:123 -D:\job\mypudada\baidutupian.py 
The read operation timed out
2023-04-15 21:02:30,018 | ERROR | baidutupian.py:124 -D:\job\mypudada\baidutupian.py 
https://image.baidu.com/search/down?tn=download&ipn=dwnl&word=download&ie=utf8&fr=result&url=https%3A//www.3dsc.com/uploadfile/2021/0908/20210908095701478.png&thumburl=https%3A//img0.baidu.com/it/u%3D3519743337%2C156778323%26fm%3D253%26fmt%3Dauto%26app%3D120%26f%3DJPEG%3Fw%3D749%26h%3D470
2023-04-15 21:08:48,331 | ERROR | baidutupian.py:123 -D:\job\mypudada\baidutupian.py 
The read operation timed out
2023-04-15 21:08:48,331 | ERROR | baidutupian.py:124 -D:\job\mypudada\baidutupian.py 
https://image.baidu.com/search/down?tn=download&ipn=dwnl&word=download&ie=utf8&fr=result&url=https%3A//p0.itc.cn/q_70/images03/20211130/af0b9e1fad5b40fe8eca09d1b8709b03.jpeg&thumburl=https%3A//img2.baidu.com/it/u%3D2187579756%2C729392906%26fm%3D253%26fmt%3Dauto%26app%3D120%26f%3DJPEG%3Fw%3D751%26h%3D500
2023-04-15 21:48:51,458 | ERROR | baidutupian.py:123 -D:\job\mypudada\baidutupian.py 
The read operation timed out
2023-04-15 21:48:51,458 | ERROR | baidutupian.py:124 -D:\job\mypudada\baidutupian.py 
https://image.baidu.com/search/down?tn=download&ipn=dwnl&word=download&ie=utf8&fr=result&url=https%3A//i.ce.cn/ce/xwzx/gnsz/gdxw/201907/03/W020190703338690707396.jpg&thumburl=https%3A//img1.baidu.com/it/u%3D3736229083%2C561309627%26fm%3D253%26fmt%3Dauto%26app%3D120%26f%3DJPEG%3Fw%3D650%26h%3D320
2023-04-15 21:53:34,673 | ERROR | baidutupian.py:123 -D:\job\mypudada\baidutupian.py 
The read operation timed out
2023-04-15 21:53:34,673 | ERROR | baidutupian.py:124 -D:\job\mypudada\baidutupian.py 
https://image.baidu.com/search/down?tn=download&ipn=dwnl&word=download&ie=utf8&fr=result&url=https%3A//static.ettoday.net/images/494/d494702.jpg&thumburl=https%3A//img2.baidu.com/it/u%3D991687979%2C3584211335%26fm%3D253%26fmt%3Dauto%26app%3D138%26f%3DJPEG%3Fw%3D595%26h%3D450
2023-04-15 21:54:08,437 | ERROR | baidutupian.py:123 -D:\job\mypudada\baidutupian.py 
The read operation timed out
2023-04-15 21:54:08,437 | ERROR | baidutupian.py:124 -D:\job\mypudada\baidutupian.py 
https://image.baidu.com/search/down?tn=download&ipn=dwnl&word=download&ie=utf8&fr=result&url=https%3A//s3.guruin.com/db/photos/758884/url/n_Cinerama14-1158x772.jpg&thumburl=https%3A//img2.baidu.com/it/u%3D101363170%2C651815467%26fm%3D253%26fmt%3Dauto%26app%3D138%26f%3DJPEG%3Fw%3D750%26h%3D500
2023-04-15 21:54:56,961 | ERROR | baidutupian.py:123 -D:\job\mypudada\baidutupian.py 
The read operation timed out
2023-04-15 21:54:56,961 | ERROR | baidutupian.py:124 -D:\job\mypudada\baidutupian.py 
https://image.baidu.com/search/down?tn=download&ipn=dwnl&word=download&ie=utf8&fr=result&url=https%3A//image5.pinlue.com/image09/mobile/20180510/20180510001543_96ccb4b5908a2e64e292d84de7f3b069_1.jpeg&thumburl=https%3A//img2.baidu.com/it/u%3D2179979881%2C2494911409%26fm%3D253%26fmt%3Dauto%26app%3D138%26f%3DJPEG%3Fw%3D500%26h%3D312
2023-04-15 21:57:18,977 | ERROR | baidutupian.py:123 -D:\job\mypudada\baidutupian.py 
The read operation timed out
2023-04-15 21:57:18,977 | ERROR | baidutupian.py:124 -D:\job\mypudada\baidutupian.py 
https://image.baidu.com/search/down?tn=download&ipn=dwnl&word=download&ie=utf8&fr=result&url=https%3A//res.nnnews.net/a/10001/202006/ebe9be2709370f53879b4a41b911b8dc.jpg&thumburl=https%3A//img2.baidu.com/it/u%3D478054093%2C1889855759%26fm%3D253%26fmt%3Dauto%26app%3D138%26f%3DJPEG%3Fw%3D581%26h%3D477
2023-04-15 21:58:57,991 | ERROR | baidutupian.py:123 -D:\job\mypudada\baidutupian.py 
The read operation timed out
2023-04-15 21:58:57,991 | ERROR | baidutupian.py:124 -D:\job\mypudada\baidutupian.py 
https://image.baidu.com/search/down?tn=download&ipn=dwnl&word=download&ie=utf8&fr=result&url=https%3A//bbs.fcxxh.org/data/attachment/forum/202006/19/001426a05pu9lx542asnnu.jpg&thumburl=https%3A//img2.baidu.com/it/u%3D2524470300%2C3174423927%26fm%3D253%26fmt%3Dauto%26app%3D138%26f%3DJPEG%3Fw%3D375%26h%3D500
2023-04-15 21:59:26,301 | ERROR | baidutupian.py:123 -D:\job\mypudada\baidutupian.py 
'NoneType' object has no attribute 'group'
2023-04-15 21:59:26,301 | ERROR | baidutupian.py:124 -D:\job\mypudada\baidutupian.py 
https://image.baidu.com/search/down?tn=download&ipn=dwnl&word=download&ie=utf8&fr=result&url=https%3A//2169132419%2C3044743026&thumburl=https%3A//img2.baidu.com/it/u%3D3847295465%2C2044028135%26fm%3D253%26fmt%3Dauto%26app%3D138%26f%3DJPEG%3Fw%3D889%26h%3D500
2023-04-15 22:01:22,976 | ERROR | baidutupian.py:123 -D:\job\mypudada\baidutupian.py 
The read operation timed out
2023-04-15 22:01:22,976 | ERROR | baidutupian.py:124 -D:\job\mypudada\baidutupian.py 
https://image.baidu.com/search/down?tn=download&ipn=dwnl&word=download&ie=utf8&fr=result&url=https%3A//upload.diandong.com/2015/0706/1436132387355.png&thumburl=https%3A//img1.baidu.com/it/u%3D3792437733%2C2000087906%26fm%3D253%26fmt%3Dauto%26app%3D138%26f%3DJPG%3Fw%3D510%26h%3D340
2023-04-15 22:06:13,369 | ERROR | baidutupian.py:123 -D:\job\mypudada\baidutupian.py 
The read operation timed out
2023-04-15 22:06:13,369 | ERROR | baidutupian.py:124 -D:\job\mypudada\baidutupian.py 
https://image.baidu.com/search/down?tn=download&ipn=dwnl&word=download&ie=utf8&fr=result&url=https%3A//uploads.chinatimes.net.cn/article/201801/580_20180112131526zUByzbGaEU.png&thumburl=https%3A//img2.baidu.com/it/u%3D40495279%2C3495384491%26fm%3D253%26fmt%3Dauto%26app%3D138%26f%3DJPG%3Fw%3D580%26h%3D407
2023-04-15 22:07:36,105 | ERROR | baidutupian.py:123 -D:\job\mypudada\baidutupian.py 
The read operation timed out
2023-04-15 22:07:36,105 | ERROR | baidutupian.py:124 -D:\job\mypudada\baidutupian.py 
https://image.baidu.com/search/down?tn=download&ipn=dwnl&word=download&ie=utf8&fr=result&url=https%3A//news.xinhuanet.com/sports/2017-01/30/1120395011_11n.jpg&thumburl=https%3A//img1.baidu.com/it/u%3D687574071%2C1978257304%26fm%3D253%26fmt%3Dauto%26app%3D120%26f%3DJPEG%3Fw%3D899%26h%3D560
2023-04-15 22:08:42,536 | ERROR | baidutupian.py:123 -D:\job\mypudada\baidutupian.py 
The read operation timed out
2023-04-15 22:08:42,536 | ERROR | baidutupian.py:124 -D:\job\mypudada\baidutupian.py 
https://image.baidu.com/search/down?tn=download&ipn=dwnl&word=download&ie=utf8&fr=result&url=https%3A//i.ce.cn/ce/xwzx/gnsz/gdxw/201803/18/W020180318483167139041.jpg&thumburl=https%3A//img1.baidu.com/it/u%3D211406915%2C1994726435%26fm%3D253%26fmt%3Dauto%26app%3D138%26f%3DJPEG%3Fw%3D666%26h%3D500
2023-04-15 22:26:14,465 | ERROR | baidutupian.py:123 -D:\job\mypudada\baidutupian.py 
The read operation timed out
2023-04-15 22:26:14,465 | ERROR | baidutupian.py:124 -D:\job\mypudada\baidutupian.py 
https://image.baidu.com/search/down?tn=download&ipn=dwnl&word=download&ie=utf8&fr=result&url=https%3A//images.wenming.cn/web_wenming/dfcz/gd/201710/W020171030352394008064.jpg&thumburl=https%3A//img2.baidu.com/it/u%3D2708368698%2C4142891401%26fm%3D253%26fmt%3Dauto%26app%3D138%26f%3DJPEG%3Fw%3D600%26h%3D402
2023-04-15 22:26:57,892 | ERROR | baidutupian.py:123 -D:\job\mypudada\baidutupian.py 
The read operation timed out
2023-04-15 22:26:57,892 | ERROR | baidutupian.py:124 -D:\job\mypudada\baidutupian.py 
https://image.baidu.com/search/down?tn=download&ipn=dwnl&word=download&ie=utf8&fr=result&url=https%3A//hnzmd.wenming.cn/tt/201810/W020181017333561186526.jpg&thumburl=https%3A//img0.baidu.com/it/u%3D3352403461%2C3288871278%26fm%3D253%26fmt%3Dauto%26app%3D138%26f%3DJPEG%3Fw%3D600%26h%3D400
2023-04-15 22:28:46,971 | ERROR | baidutupian.py:123 -D:\job\mypudada\baidutupian.py 
The read operation timed out
2023-04-15 22:28:46,971 | ERROR | baidutupian.py:124 -D:\job\mypudada\baidutupian.py 
https://image.baidu.com/search/down?tn=download&ipn=dwnl&word=download&ie=utf8&fr=result&url=https%3A//www.pianshen.com/images/191/69c33cc636bdfd260ff44d67fb496d7f.JPEG&thumburl=https%3A//img2.baidu.com/it/u%3D2605590716%2C3969168195%26fm%3D253%26fmt%3Dauto%26app%3D120%26f%3DJPEG%3Fw%3D500%26h%3D334
2023-04-15 22:29:13,776 | ERROR | baidutupian.py:123 -D:\job\mypudada\baidutupian.py 
'NoneType' object has no attribute 'group'
2023-04-15 22:29:13,776 | ERROR | baidutupian.py:124 -D:\job\mypudada\baidutupian.py 
https://image.baidu.com/search/down?tn=download&ipn=dwnl&word=download&ie=utf8&fr=result&url=https%3A//2197765656%2C2092018576&thumburl=https%3A//img1.baidu.com/it/u%3D2540378886%2C783788488%26fm%3D253%26fmt%3Dauto%26app%3D138%26f%3DJPEG%3Fw%3D550%26h%3D330
2023-04-15 22:29:23,453 | ERROR | baidutupian.py:123 -D:\job\mypudada\baidutupian.py 
The read operation timed out
2023-04-15 22:29:23,453 | ERROR | baidutupian.py:124 -D:\job\mypudada\baidutupian.py 
https://image.baidu.com/search/down?tn=download&ipn=dwnl&word=download&ie=utf8&fr=result&url=https%3A//img3.gelonghui.com/7610b-5c05ba30-4bff-4834-9b88-5755669e21b7.png&thumburl=https%3A//img1.baidu.com/it/u%3D2081532450%2C2814623276%26fm%3D253%26fmt%3Dauto%26app%3D120%26f%3DPNG%3Fw%3D482%26h%3D562
2023-04-15 22:29:33,410 | ERROR | baidutupian.py:123 -D:\job\mypudada\baidutupian.py 
'NoneType' object has no attribute 'group'
2023-04-15 22:29:33,410 | ERROR | baidutupian.py:124 -D:\job\mypudada\baidutupian.py 
https://image.baidu.com/search/down?tn=download&ipn=dwnl&word=download&ie=utf8&fr=result&url=https%3A//2197765656%2C2092018576&thumburl=https%3A//img1.baidu.com/it/u%3D2540378886%2C783788488%26fm%3D253%26fmt%3Dauto%26app%3D138%26f%3DJPEG%3Fw%3D550%26h%3D330
